SF:lib/config.dart
DA:5,0
DA:6,0
DA:7,0
DA:9,0
DA:10,0
LF:5
LH:0
end_of_record
SF:lib/utils/api.client.dart
DA:5,1
DA:6,3
DA:7,3
DA:8,4
DA:9,1
DA:18,0
DA:19,0
DA:22,1
DA:27,2
DA:29,1
LF:10
LH:8
end_of_record
SF:lib/data/photo.datasource.dart
DA:5,1
DA:8,1
DA:11,1
DA:12,3
DA:13,2
DA:14,3
DA:15,2
LF:7
LH:7
end_of_record
SF:lib/components/grid.content.dart
DA:7,1
DA:18,1
DA:20,1
DA:22,1
DA:23,1
DA:26,1
DA:27,1
DA:28,1
DA:29,1
DA:30,1
DA:31,1
DA:38,1
DA:41,1
DA:42,1
DA:44,1
DA:45,1
DA:47,1
DA:51,1
DA:52,1
DA:53,0
DA:57,1
DA:58,1
DA:68,1
DA:69,2
LF:24
LH:23
end_of_record
SF:lib/components/loader.dart
DA:5,1
DA:8,1
DA:10,1
DA:11,1
DA:14,1
DA:15,1
DA:16,1
DA:22,1
LF:8
LH:8
end_of_record
SF:lib/utils/exceptions.dart
DA:6,1
DA:7,1
DA:9,1
DA:10,1
DA:11,1
DA:13,1
DA:15,1
DA:17,1
DA:19,1
DA:21,1
DA:22,0
DA:23,1
DA:24,0
DA:25,1
DA:26,1
DA:28,0
DA:31,0
DA:33,0
DA:36,0
DA:39,0
DA:40,0
DA:42,0
LF:22
LH:13
end_of_record
SF:lib/data/photo.model.g.dart
DA:13,0
DA:15,0
DA:16,0
DA:17,0
DA:19,0
DA:20,0
DA:21,0
DA:22,0
DA:23,0
DA:24,0
DA:25,0
DA:26,0
DA:27,0
DA:28,0
DA:29,0
DA:30,0
DA:34,0
DA:37,0
DA:38,0
DA:39,0
DA:40,0
DA:41,0
DA:42,0
DA:43,0
DA:44,0
DA:45,0
DA:46,0
DA:47,0
DA:48,0
DA:49,0
DA:50,0
DA:51,0
DA:52,0
DA:53,0
DA:54,0
DA:55,0
DA:56,0
DA:57,0
DA:58,0
DA:59,0
DA:62,0
DA:63,0
DA:65,0
DA:68,0
DA:69,0
DA:70,0
DA:77,0
DA:79,0
DA:80,0
DA:81,0
DA:83,0
DA:84,0
DA:85,0
DA:86,0
DA:90,0
DA:93,0
DA:94,0
DA:95,0
DA:96,0
DA:97,0
DA:98,0
DA:99,0
DA:102,0
DA:103,0
DA:105,0
DA:108,0
DA:109,0
DA:110,0
DA:117,0
DA:119,0
DA:120,0
DA:121,0
DA:123,0
DA:124,0
DA:125,0
DA:126,0
DA:127,0
DA:128,0
DA:129,0
DA:130,0
DA:131,0
DA:132,0
DA:133,0
DA:137,0
DA:140,0
DA:141,0
DA:142,0
DA:143,0
DA:144,0
DA:145,0
DA:146,0
DA:147,0
DA:148,0
DA:149,0
DA:150,0
DA:151,0
DA:152,0
DA:153,0
DA:154,0
DA:155,0
DA:156,0
DA:157,0
DA:158,0
DA:159,0
DA:160,0
DA:163,0
DA:164,0
DA:166,0
DA:169,0
DA:170,0
DA:171,0
DA:178,0
DA:180,0
DA:181,0
DA:182,0
DA:184,0
DA:185,0
DA:186,0
DA:187,0
DA:191,0
DA:194,0
DA:195,0
DA:196,0
DA:197,0
DA:198,0
DA:199,0
DA:200,0
DA:203,0
DA:204,0
DA:206,0
DA:209,0
DA:210,0
DA:211,0
DA:218,0
DA:220,0
DA:221,0
DA:222,0
DA:224,0
DA:225,0
DA:226,0
DA:227,0
DA:228,0
DA:232,0
DA:235,0
DA:236,0
DA:237,0
DA:238,0
DA:239,0
DA:240,0
DA:241,0
DA:242,0
DA:243,0
DA:246,0
DA:247,0
DA:249,0
DA:252,0
DA:253,0
DA:254,0
LF:158
LH:0
end_of_record
SF:lib/data/photo.model.dart
DA:31,1
DA:44,1
DA:45,2
DA:46,2
DA:47,2
DA:48,2
DA:49,2
DA:50,2
DA:51,2
DA:52,2
DA:53,2
DA:54,4
DA:55,2
DA:58,1
DA:59,1
DA:60,2
DA:61,2
DA:62,2
DA:63,2
DA:64,2
DA:65,2
DA:66,2
DA:67,2
DA:68,2
DA:69,1
DA:70,3
DA:72,1
DA:73,3
DA:88,1
DA:94,1
DA:95,2
DA:96,2
DA:97,2
DA:100,1
DA:101,1
DA:102,2
DA:103,2
DA:104,2
DA:132,1
DA:144,1
DA:145,2
DA:146,2
DA:147,2
DA:148,2
DA:149,2
DA:150,2
DA:151,2
DA:152,2
DA:153,2
DA:155,2
DA:157,4
DA:160,1
DA:161,1
DA:162,2
DA:163,2
DA:164,2
DA:165,2
DA:166,2
DA:167,2
DA:168,2
DA:169,1
DA:170,3
DA:172,2
DA:173,1
DA:174,3
DA:189,1
DA:191,1
DA:192,2
DA:193,2
DA:194,2
DA:197,1
DA:198,1
DA:199,2
DA:200,2
DA:201,2
DA:217,1
DA:223,1
DA:224,2
DA:225,2
DA:226,2
DA:227,2
DA:230,1
DA:231,1
DA:232,2
DA:233,2
DA:234,2
DA:235,2
DA:240,0
DA:241,0
DA:242,0
DA:243,0
DA:244,0
DA:245,0
DA:247,0
DA:248,0
LF:95
LH:87
end_of_record
SF:lib/data/photo.repository.dart
DA:11,1
DA:15,1
DA:20,2
DA:21,2
DA:22,2
DA:23,1
DA:24,1
DA:27,1
DA:28,1
DA:29,2
DA:31,2
LF:11
LH:11
end_of_record
SF:lib/utils/hive.db.dart
DA:4,1
DA:5,2
DA:9,0
DA:10,0
DA:11,0
DA:12,0
DA:15,0
DA:20,0
DA:21,0
DA:22,0
DA:25,0
DA:30,0
DA:31,0
DA:32,0
LF:14
LH:2
end_of_record
SF:lib/app.manager.dart
DA:10,3
DA:13,1
DA:15,2
DA:17,1
DA:18,2
DA:19,2
DA:20,2
DA:21,2
DA:22,2
DA:24,1
DA:25,1
DA:26,1
DA:29,1
DA:32,1
DA:33,0
DA:35,2
DA:36,1
DA:37,2
LF:18
LH:17
end_of_record
SF:lib/utils/bloc.observer.dart
DA:6,0
DA:8,0
DA:9,0
DA:12,0
DA:14,0
DA:15,0
DA:18,0
DA:20,0
DA:21,0
LF:9
LH:0
end_of_record
SF:lib/bloc/photo.event.dart
DA:4,0
DA:5,0
DA:9,1
DA:12,1
DA:13,3
LF:5
LH:3
end_of_record
SF:lib/bloc/photo.state.dart
DA:4,1
DA:5,1
DA:13,1
DA:16,1
DA:17,3
DA:21,1
DA:23,1
DA:24,2
LF:8
LH:8
end_of_record
SF:lib/bloc/photo.bloc.dart
DA:10,3
DA:11,2
DA:12,2
DA:13,2
DA:14,1
DA:15,1
DA:17,1
DA:18,3
DA:19,3
LF:9
LH:9
end_of_record
